<?xml version="1.0" encoding="UTF-8"?>
<!-- Generated by org.testng.reporters.JUnitReportReporter -->
<testsuite hostname="Harishyam" failures="0" tests="3" name="com.ui.test.testHeroku.BrokenImages" time="23.337" errors="0" timestamp="2024-12-18T04:51:12 IST" skipped="1">
  <testcase classname="com.ui.test.testHeroku.BrokenImages" name="openPage" time="11.138"/>
  <system-out/>
  <testcase classname="com.ui.test.testHeroku.BrokenImages" name="validateImageStatus" time="12.199"/>
  <system-out/>
  <testcase classname="com.ui.test.testHeroku.BrokenImages" name="openApp">
    <skipped/>
  </testcase> <!-- openApp -->
  <system-out/>
</testsuite> <!-- com.ui.test.testHeroku.BrokenImages -->
