<?xml version="1.0" encoding="UTF-8"?>
<!-- Generated by org.testng.reporters.JUnitReportReporter -->
<testsuite hostname="Harishyam" failures="0" tests="6" name="com.ui.test.testHeroku.AddRemoveEle" time="41.872" errors="0" timestamp="2024-12-18T04:51:12 IST" skipped="2">
  <testcase classname="com.ui.test.testHeroku.AddRemoveEle" name="openAddRemoveLink" time="10.591"/>
  <system-out/>
  <testcase classname="com.ui.test.testHeroku.AddRemoveEle" name="verifyAddElement" time="10.327"/>
  <system-out/>
  <testcase classname="com.ui.test.testHeroku.AddRemoveEle" name="verifyRemoveElement" time="10.272"/>
  <system-out/>
  <testcase classname="com.ui.test.testHeroku.AddRemoveEle" name="verifyMultipleAddElement" time="10.682"/>
  <system-out/>
  <testcase classname="com.ui.test.testHeroku.AddRemoveEle" name="verifyRemoveAllElements">
    <skipped/>
  </testcase> <!-- verifyRemoveAllElements -->
  <system-out/>
  <testcase classname="com.ui.test.testHeroku.AddRemoveEle" name="openApp">
    <skipped/>
  </testcase> <!-- openApp -->
  <system-out/>
</testsuite> <!-- com.ui.test.testHeroku.AddRemoveEle -->
