<?xml version="1.0" encoding="UTF-8"?>
<!-- Generated by org.testng.reporters.JUnitReportReporter -->
<testsuite hostname="Harishyam" failures="0" tests="2" name="com.ui.test.herokuApp.SignUp" time="28.175" errors="0" timestamp="2024-12-12T05:48:22 IST" skipped="0">
  <testcase classname="com.ui.test.herokuApp.SignUp" name="openSignUpPage" time="15.780"/>
  <system-out/>
  <testcase classname="com.ui.test.herokuApp.SignUp" name="signUpUser" time="12.395"/>
  <system-out/>
</testsuite> <!-- com.ui.test.herokuApp.SignUp -->
