<?xml version="1.0" encoding="UTF-8"?>
<!-- Generated by org.testng.reporters.JUnitReportReporter -->
<testsuite hostname="Harishyam" failures="0" tests="4" name="com.ui.test.herokuApp.Index" time="47.724" errors="0" timestamp="2024-12-12T05:34:40 IST" skipped="0">
  <testcase classname="com.ui.test.herokuApp.Index" name="openApp" time="11.918"/>
  <system-out/>
  <testcase classname="com.ui.test.herokuApp.Index" name="verifySignUpButton" time="11.001"/>
  <system-out/>
  <testcase classname="com.ui.test.herokuApp.Index" name="verifyLoginButton" time="10.986"/>
  <system-out/>
  <testcase classname="com.ui.test.herokuApp.Index" name="clickToSignup" time="13.819"/>
  <system-out/>
</testsuite> <!-- com.ui.test.herokuApp.Index -->
