<?xml version="1.0" encoding="UTF-8"?>
<!-- Generated by org.testng.reporters.JUnitReportReporter -->
<testsuite hostname="Harishyam" failures="0" tests="8" name="com.ui.test.testHeroku.DynamicLoading" time="84.131" errors="0" timestamp="2024-12-18T04:51:12 IST" skipped="1">
  <testcase classname="com.ui.test.testHeroku.DynamicLoading" name="openDynamicContentPage" time="10.534"/>
  <system-out/>
  <testcase classname="com.ui.test.testHeroku.DynamicLoading" name="validateFirstLinkOnPage" time="11.158"/>
  <system-out/>
  <testcase classname="com.ui.test.testHeroku.DynamicLoading" name="validateStartBtnfromFirstLink" time="10.150"/>
  <system-out/>
  <testcase classname="com.ui.test.testHeroku.DynamicLoading" name="fetchHiddenTextOnPage" time="15.610"/>
  <system-out/>
  <testcase classname="com.ui.test.testHeroku.DynamicLoading" name="validateSecondLinkOnPage" time="11.062"/>
  <system-out/>
  <testcase classname="com.ui.test.testHeroku.DynamicLoading" name="validateStartBtnfromSecondLink" time="10.134"/>
  <system-out/>
  <testcase classname="com.ui.test.testHeroku.DynamicLoading" name="fetchHiddenTextOnPageAfterItRendered" time="15.483"/>
  <system-out/>
  <testcase classname="com.ui.test.testHeroku.DynamicLoading" name="openApp">
    <skipped/>
  </testcase> <!-- openApp -->
  <system-out/>
</testsuite> <!-- com.ui.test.testHeroku.DynamicLoading -->
