<?xml version="1.0" encoding="UTF-8"?>
<!-- Generated by org.testng.reporters.JUnitReportReporter -->
<testsuite hostname="Harishyam" failures="0" tests="6" name="com.ui.test.testHeroku.DisappearingElements" time="69.453" errors="0" timestamp="2024-12-15T03:11:36 IST" skipped="0">
  <testcase classname="com.ui.test.testHeroku.DisappearingElements" name="openApp" time="13.046"/>
  <system-out/>
  <testcase classname="com.ui.test.testHeroku.DisappearingElements" name="openDisAppElementPage" time="11.399"/>
  <system-out/>
  <testcase classname="com.ui.test.testHeroku.DisappearingElements" name="getAllLinksOnthePage" time="10.182"/>
  <system-out/>
  <testcase classname="com.ui.test.testHeroku.DisappearingElements" name="clickGallery" time="11.214"/>
  <system-out/>
  <testcase classname="com.ui.test.testHeroku.DisappearingElements" name="clickGallery" time="11.778"/>
  <system-out/>
  <testcase classname="com.ui.test.testHeroku.DisappearingElements" name="clickGallery" time="11.834"/>
  <system-out/>
</testsuite> <!-- com.ui.test.testHeroku.DisappearingElements -->
