<?xml version="1.0" encoding="UTF-8"?>
<!-- Generated by org.testng.reporters.JUnitReportReporter -->
<testsuite hostname="Harishyam" failures="0" tests="2" name="com.ui.test.testHeroku.Index" time="24.821" errors="0" timestamp="2024-12-13T03:17:18 IST" skipped="0">
  <testcase classname="com.ui.test.testHeroku.Index" name="openApp" time="13.936"/>
  <system-out/>
  <testcase classname="com.ui.test.testHeroku.Index" name="validateABTest" time="10.885"/>
  <system-out/>
</testsuite> <!-- com.ui.test.testHeroku.Index -->
