<?xml version="1.0" encoding="UTF-8"?>
<!-- Generated by org.testng.reporters.JUnitReportReporter -->
<testsuite hostname="Harishyam" failures="0" tests="2" name="com.ui.test.testHeroku.BasicAuth" time="27.264" errors="0" timestamp="2024-12-14T02:09:36 IST" skipped="0">
  <testcase classname="com.ui.test.testHeroku.BasicAuth" name="openApp" time="13.779"/>
  <system-out/>
  <testcase classname="com.ui.test.testHeroku.BasicAuth" name="validateBasicAuth" time="13.485"/>
  <system-out/>
</testsuite> <!-- com.ui.test.testHeroku.BasicAuth -->
