<?xml version="1.0" encoding="UTF-8"?>
<!-- Generated by org.testng.reporters.JUnitReportReporter -->
<testsuite hostname="Harishyam" failures="0" tests="4" name="com.ui.test.testHeroku.DownloadFile" time="21.635" errors="0" timestamp="2024-12-18T04:51:12 IST" skipped="2">
  <testcase classname="com.ui.test.testHeroku.DownloadFile" name="openExitIntentPage" time="10.563"/>
  <system-out/>
  <testcase classname="com.ui.test.testHeroku.DownloadFile" name="downloadFile" time="11.072"/>
  <system-out/>
  <testcase classname="com.ui.test.testHeroku.DownloadFile" name="downloadAllFile">
    <skipped/>
  </testcase> <!-- downloadAllFile -->
  <system-out/>
  <testcase classname="com.ui.test.testHeroku.DownloadFile" name="openApp">
    <skipped/>
  </testcase> <!-- openApp -->
  <system-out/>
</testsuite> <!-- com.ui.test.testHeroku.DownloadFile -->
