<?xml version="1.0" encoding="UTF-8"?>
<!-- Generated by org.testng.reporters.JUnitReportReporter -->
<testsuite hostname="Harishyam" failures="0" tests="8" name="com.ui.test.testHeroku.DynamicLoading" time="102.702" errors="0" timestamp="2024-12-16T02:16:41 IST" skipped="0">
  <testcase classname="com.ui.test.testHeroku.DynamicLoading" name="openApp" time="16.073"/>
  <system-out/>
  <testcase classname="com.ui.test.testHeroku.DynamicLoading" name="openDynamicContentPage" time="11.490"/>
  <system-out/>
  <testcase classname="com.ui.test.testHeroku.DynamicLoading" name="validateFirstLinkOnPage" time="11.548"/>
  <system-out/>
  <testcase classname="com.ui.test.testHeroku.DynamicLoading" name="validateStartBtnfromFirstLink" time="10.301"/>
  <system-out/>
  <testcase classname="com.ui.test.testHeroku.DynamicLoading" name="fetchHiddenTextOnPage" time="15.450"/>
  <system-out/>
  <testcase classname="com.ui.test.testHeroku.DynamicLoading" name="validateSecondLinkOnPage" time="11.665"/>
  <system-out/>
  <testcase classname="com.ui.test.testHeroku.DynamicLoading" name="validateStartBtnfromSecondLink" time="10.366"/>
  <system-out/>
  <testcase classname="com.ui.test.testHeroku.DynamicLoading" name="fetchHiddenTextOnPageAfterItRendered" time="15.809"/>
  <system-out/>
</testsuite> <!-- com.ui.test.testHeroku.DynamicLoading -->
