<?xml version="1.0" encoding="UTF-8"?>
<!-- Generated by org.testng.reporters.JUnitReportReporter -->
<testsuite hostname="Harishyam" failures="0" tests="4" name="com.ui.test.testHeroku.Dropdown" time="31.110" errors="0" timestamp="2024-12-18T04:51:12 IST" skipped="1">
  <testcase classname="com.ui.test.testHeroku.Dropdown" name="openDropdownPage" time="10.540"/>
  <system-out/>
  <testcase classname="com.ui.test.testHeroku.Dropdown" name="selectOpion1" time="10.290"/>
  <system-out/>
  <testcase classname="com.ui.test.testHeroku.Dropdown" name="selectOpion2" time="10.280"/>
  <system-out/>
  <testcase classname="com.ui.test.testHeroku.Dropdown" name="openApp">
    <skipped/>
  </testcase> <!-- openApp -->
  <system-out/>
</testsuite> <!-- com.ui.test.testHeroku.Dropdown -->
