<?xml version="1.0" encoding="UTF-8"?>
<!-- Generated by org.testng.reporters.JUnitReportReporter -->
<testsuite hostname="Harishyam" failures="0" tests="2" name="com.ui.test.testHeroku.BasicAuth" time="12.387" errors="0" timestamp="2024-12-18T04:51:12 IST" skipped="1">
  <testcase classname="com.ui.test.testHeroku.BasicAuth" name="validateBasicAuth" time="12.387"/>
  <system-out/>
  <testcase classname="com.ui.test.testHeroku.BasicAuth" name="openApp">
    <skipped/>
  </testcase> <!-- openApp -->
  <system-out/>
</testsuite> <!-- com.ui.test.testHeroku.BasicAuth -->
