<?xml version="1.0" encoding="UTF-8"?>
<!-- Generated by org.testng.reporters.JUnitReportReporter -->
<testsuite hostname="Harishyam" failures="0" tests="3" name="com.ui.test.testHeroku.Index" time="22.075" errors="0" timestamp="2024-12-18T04:51:12 IST" skipped="1">
  <testcase classname="com.ui.test.testHeroku.Index" name="verifyAllElements" time="11.013"/>
  <system-out/>
  <testcase classname="com.ui.test.testHeroku.Index" name="validateABTest" time="11.062"/>
  <system-out/>
  <testcase classname="com.ui.test.testHeroku.Index" name="openApp">
    <skipped/>
  </testcase> <!-- openApp -->
  <system-out/>
</testsuite> <!-- com.ui.test.testHeroku.Index -->
