<?xml version="1.0" encoding="UTF-8"?>
<!-- Generated by org.testng.reporters.JUnitReportReporter -->
<testsuite hostname="Harishyam" failures="0" tests="4" name="com.ui.test.testHeroku.DragNDrop" time="46.731" errors="0" timestamp="2024-12-15T03:43:52 IST" skipped="0">
  <testcase classname="com.ui.test.testHeroku.DragNDrop" name="openApp" time="13.448"/>
  <system-out/>
  <testcase classname="com.ui.test.testHeroku.DragNDrop" name="openDragNDropPages" time="11.290"/>
  <system-out/>
  <testcase classname="com.ui.test.testHeroku.DragNDrop" name="dragBoxAtoBoxB" time="11.436"/>
  <system-out/>
  <testcase classname="com.ui.test.testHeroku.DragNDrop" name="dragBoxBtoBoxA" time="10.557"/>
  <system-out/>
</testsuite> <!-- com.ui.test.testHeroku.DragNDrop -->
