<?xml version="1.0" encoding="UTF-8"?>
<!-- Generated by org.testng.reporters.JUnitReportReporter -->
<testsuite hostname="Harishyam" failures="0" tests="5" name="com.ui.test.testHeroku.ChallengingDOM" time="45.731" errors="0" timestamp="2024-12-18T04:51:12 IST" skipped="1">
  <testcase classname="com.ui.test.testHeroku.ChallengingDOM" name="openChallengingDOmPage" time="10.675"/>
  <system-out/>
  <testcase classname="com.ui.test.testHeroku.ChallengingDOM" name="validateBlueButton" time="11.657"/>
  <system-out/>
  <testcase classname="com.ui.test.testHeroku.ChallengingDOM" name="validateRedButton" time="11.780"/>
  <system-out/>
  <testcase classname="com.ui.test.testHeroku.ChallengingDOM" name="validateGreenButton" time="11.619"/>
  <system-out/>
  <testcase classname="com.ui.test.testHeroku.ChallengingDOM" name="openApp">
    <skipped/>
  </testcase> <!-- openApp -->
  <system-out/>
</testsuite> <!-- com.ui.test.testHeroku.ChallengingDOM -->
