<?xml version="1.0" encoding="UTF-8"?>
<!-- Generated by org.testng.reporters.JUnitReportReporter -->
<testsuite hostname="Harishyam" failures="0" tests="4" name="com.ui.test.testHeroku.ContextMenu" time="47.247" errors="0" timestamp="2024-12-14T04:57:29 IST" skipped="0">
  <testcase classname="com.ui.test.testHeroku.ContextMenu" name="openApp" time="13.992"/>
  <system-out/>
  <testcase classname="com.ui.test.testHeroku.ContextMenu" name="openCheckbnoxesPage" time="11.595"/>
  <system-out/>
  <testcase classname="com.ui.test.testHeroku.ContextMenu" name="clickContextMenu" time="10.710"/>
  <system-out/>
  <testcase classname="com.ui.test.testHeroku.ContextMenu" name="clickBackOnContextMenu" time="10.950"/>
  <system-out/>
</testsuite> <!-- com.ui.test.testHeroku.ContextMenu -->
