<?xml version="1.0" encoding="UTF-8"?>
<!-- Generated by org.testng.reporters.JUnitReportReporter -->
<testsuite hostname="Harishyam" failures="0" tests="6" name="com.ui.test.testHeroku.Checkboxes" time="51.206" errors="0" timestamp="2024-12-18T04:51:12 IST" skipped="1">
  <testcase classname="com.ui.test.testHeroku.Checkboxes" name="openCheckbnoxesPage" time="10.548"/>
  <system-out/>
  <testcase classname="com.ui.test.testHeroku.Checkboxes" name="validateFirstCheckbox" time="10.155"/>
  <system-out/>
  <testcase classname="com.ui.test.testHeroku.Checkboxes" name="validateSecondCheckbox" time="10.133"/>
  <system-out/>
  <testcase classname="com.ui.test.testHeroku.Checkboxes" name="validateSelectFirstCheckbox" time="10.232"/>
  <system-out/>
  <testcase classname="com.ui.test.testHeroku.Checkboxes" name="validateDeSelectSecondCheckbox" time="10.138"/>
  <system-out/>
  <testcase classname="com.ui.test.testHeroku.Checkboxes" name="openApp">
    <skipped/>
  </testcase> <!-- openApp -->
  <system-out/>
</testsuite> <!-- com.ui.test.testHeroku.Checkboxes -->
