<?xml version="1.0" encoding="UTF-8"?>
<!-- Generated by org.testng.reporters.JUnitReportReporter -->
<testsuite hostname="Harishyam" failures="0" tests="4" name="com.ui.test.testHeroku.Dropdown" time="46.267" errors="0" timestamp="2024-12-15T04:12:55 IST" skipped="0">
  <testcase classname="com.ui.test.testHeroku.Dropdown" name="openApp" time="13.267"/>
  <system-out/>
  <testcase classname="com.ui.test.testHeroku.Dropdown" name="openDropdownPage" time="11.720"/>
  <system-out/>
  <testcase classname="com.ui.test.testHeroku.Dropdown" name="selectOpion1" time="10.665"/>
  <system-out/>
  <testcase classname="com.ui.test.testHeroku.Dropdown" name="selectOpion2" time="10.615"/>
  <system-out/>
</testsuite> <!-- com.ui.test.testHeroku.Dropdown -->
