<?xml version="1.0" encoding="UTF-8"?>
<!-- Generated by org.testng.reporters.JUnitReportReporter -->
<testsuite hostname="Harishyam" failures="0" tests="4" name="com.ui.test.testHeroku.ExitIntent" time="31.235" errors="0" timestamp="2024-12-18T04:51:12 IST" skipped="1">
  <testcase classname="com.ui.test.testHeroku.ExitIntent" name="openExitIntentPage" time="10.826"/>
  <system-out/>
  <testcase classname="com.ui.test.testHeroku.ExitIntent" name="validateIntentOnMouseOutOfViewPort" time="10.219"/>
  <system-out/>
  <testcase classname="com.ui.test.testHeroku.ExitIntent" name="validateCloseIntent" time="10.190"/>
  <system-out/>
  <testcase classname="com.ui.test.testHeroku.ExitIntent" name="openApp">
    <skipped/>
  </testcase> <!-- openApp -->
  <system-out/>
</testsuite> <!-- com.ui.test.testHeroku.ExitIntent -->
