<?xml version="1.0" encoding="UTF-8"?>
<!-- Generated by org.testng.reporters.JUnitReportReporter -->
<testsuite hostname="Harishyam" failures="0" tests="8" name="com.ui.test.testHeroku.DynamicContent" time="90.366" errors="0" timestamp="2024-12-15T04:47:56 IST" skipped="0">
  <testcase classname="com.ui.test.testHeroku.DynamicContent" name="openApp" time="13.598"/>
  <system-out/>
  <testcase classname="com.ui.test.testHeroku.DynamicContent" name="openDropdownPage" time="12.034"/>
  <system-out/>
  <testcase classname="com.ui.test.testHeroku.DynamicContent" name="validateImagefromFirstRow" time="10.854"/>
  <system-out/>
  <testcase classname="com.ui.test.testHeroku.DynamicContent" name="validateTextfromFirstRow" time="10.739"/>
  <system-out/>
  <testcase classname="com.ui.test.testHeroku.DynamicContent" name="validateImagefromSecondRow" time="10.753"/>
  <system-out/>
  <testcase classname="com.ui.test.testHeroku.DynamicContent" name="validateTextfromSecondRow" time="10.811"/>
  <system-out/>
  <testcase classname="com.ui.test.testHeroku.DynamicContent" name="validateImagefromThirdRow" time="10.796"/>
  <system-out/>
  <testcase classname="com.ui.test.testHeroku.DynamicContent" name="validateTextfromThirdRow" time="10.781"/>
  <system-out/>
</testsuite> <!-- com.ui.test.testHeroku.DynamicContent -->
