<?xml version="1.0" encoding="UTF-8"?>
<!-- Generated by org.testng.reporters.JUnitReportReporter -->
<testsuite hostname="Harishyam" failures="0" tests="4" name="com.ui.test.testHeroku.ExitIntent" time="46.328" errors="0" timestamp="2024-12-16T02:48:56 IST" skipped="0">
  <testcase classname="com.ui.test.testHeroku.ExitIntent" name="openApp" time="14.063"/>
  <system-out/>
  <testcase classname="com.ui.test.testHeroku.ExitIntent" name="openExitIntentPage" time="11.754"/>
  <system-out/>
  <testcase classname="com.ui.test.testHeroku.ExitIntent" name="validateIntentOnMouseOutOfViewPort" time="10.285"/>
  <system-out/>
  <testcase classname="com.ui.test.testHeroku.ExitIntent" name="validateCloseIntent" time="10.226"/>
  <system-out/>
</testsuite> <!-- com.ui.test.testHeroku.ExitIntent -->
