<?xml version="1.0" encoding="UTF-8"?>
<!-- Generated by org.testng.reporters.JUnitReportReporter -->
<testsuite hostname="Harishyam" failures="0" tests="6" name="com.ui.test.testHeroku.Checkboxes" time="67.442" errors="0" timestamp="2024-12-14T04:14:41 IST" skipped="0">
  <testcase classname="com.ui.test.testHeroku.Checkboxes" name="openApp" time="14.741"/>
  <system-out/>
  <testcase classname="com.ui.test.testHeroku.Checkboxes" name="openCheckbnoxesPage" time="11.341"/>
  <system-out/>
  <testcase classname="com.ui.test.testHeroku.Checkboxes" name="validateFirstCheckbox" time="10.232"/>
  <system-out/>
  <testcase classname="com.ui.test.testHeroku.Checkboxes" name="validateSecondCheckbox" time="10.275"/>
  <system-out/>
  <testcase classname="com.ui.test.testHeroku.Checkboxes" name="validateSelectFirstCheckbox" time="10.564"/>
  <system-out/>
  <testcase classname="com.ui.test.testHeroku.Checkboxes" name="validateDeSelectSecondCheckbox" time="10.289"/>
  <system-out/>
</testsuite> <!-- com.ui.test.testHeroku.Checkboxes -->
