<?xml version="1.0" encoding="UTF-8"?>
<!-- Generated by org.testng.reporters.JUnitReportReporter -->
<testsuite hostname="Harishyam" failures="0" tests="12" name="com.ui.test.Dashboard" time="132.240" errors="0" timestamp="2024-12-11T05:46:58 IST" skipped="0">
  <testcase classname="com.ui.test.Dashboard" name="openApp" time="14.311"/>
  <system-out/>
  <testcase classname="com.ui.test.Dashboard" name="doLogin" time="14.676"/>
  <system-out/>
  <testcase classname="com.ui.test.Dashboard" name="verifyDashboardHeader" time="10.343"/>
  <system-out/>
  <testcase classname="com.ui.test.Dashboard" name="verifyUserProfilePicture" time="10.278"/>
  <system-out/>
  <testcase classname="com.ui.test.Dashboard" name="verifyUserName" time="10.291"/>
  <system-out/>
  <testcase classname="com.ui.test.Dashboard" name="verifyWidgetTimeAtWork" time="10.284"/>
  <system-out/>
  <testcase classname="com.ui.test.Dashboard" name="verifyWidgetMyActions" time="10.366"/>
  <system-out/>
  <testcase classname="com.ui.test.Dashboard" name="verifyWidgetQuickLaunch" time="10.317"/>
  <system-out/>
  <testcase classname="com.ui.test.Dashboard" name="verifyWidgetBuzzLatestPosts" time="10.352"/>
  <system-out/>
  <testcase classname="com.ui.test.Dashboard" name="verifyWidgetEmpOnLeaveToday" time="10.314"/>
  <system-out/>
  <testcase classname="com.ui.test.Dashboard" name="verifyWidgetEmpDistBySubUnit" time="10.244"/>
  <system-out/>
  <testcase classname="com.ui.test.Dashboard" name="verifyWidgetEmpDistByLoc" time="10.464"/>
  <system-out/>
</testsuite> <!-- com.ui.test.Dashboard -->
