<?xml version="1.0" encoding="UTF-8"?>
<!-- Generated by org.testng.reporters.JUnitReportReporter -->
<testsuite hostname="Harishyam" failures="0" tests="4" name="com.ui.test.testHeroku.ContextMenu" time="31.258" errors="0" timestamp="2024-12-18T04:51:12 IST" skipped="1">
  <testcase classname="com.ui.test.testHeroku.ContextMenu" name="openCheckbnoxesPage" time="10.559"/>
  <system-out/>
  <testcase classname="com.ui.test.testHeroku.ContextMenu" name="clickContextMenu" time="10.350"/>
  <system-out/>
  <testcase classname="com.ui.test.testHeroku.ContextMenu" name="clickBackOnContextMenu" time="10.349"/>
  <system-out/>
  <testcase classname="com.ui.test.testHeroku.ContextMenu" name="openApp">
    <skipped/>
  </testcase> <!-- openApp -->
  <system-out/>
</testsuite> <!-- com.ui.test.testHeroku.ContextMenu -->
