<?xml version="1.0" encoding="UTF-8"?>
<!-- Generated by org.testng.reporters.JUnitReportReporter -->
<testsuite hostname="Harishyam" failures="0" tests="3" name="com.ui.test.testHeroku.BrokenImages" time="36.705" errors="0" timestamp="2024-12-14T03:30:24 IST" skipped="0">
  <testcase classname="com.ui.test.testHeroku.BrokenImages" name="openApp" time="14.128"/>
  <system-out/>
  <testcase classname="com.ui.test.testHeroku.BrokenImages" name="openPage" time="10.935"/>
  <system-out/>
  <testcase classname="com.ui.test.testHeroku.BrokenImages" name="validateImageStatus" time="11.642"/>
  <system-out/>
</testsuite> <!-- com.ui.test.testHeroku.BrokenImages -->
