<?xml version="1.0" encoding="UTF-8"?>
<!-- Generated by org.testng.reporters.JUnitReportReporter -->
<testsuite hostname="Harishyam" failures="0" tests="8" name="com.ui.test.testHeroku.DynamicContent" time="75.374" errors="0" timestamp="2024-12-18T04:51:12 IST" skipped="1">
  <testcase classname="com.ui.test.testHeroku.DynamicContent" name="openDynamicContentPage" time="11.039"/>
  <system-out/>
  <testcase classname="com.ui.test.testHeroku.DynamicContent" name="validateImagefromFirstRow" time="10.699"/>
  <system-out/>
  <testcase classname="com.ui.test.testHeroku.DynamicContent" name="validateTextfromFirstRow" time="10.730"/>
  <system-out/>
  <testcase classname="com.ui.test.testHeroku.DynamicContent" name="validateImagefromSecondRow" time="10.714"/>
  <system-out/>
  <testcase classname="com.ui.test.testHeroku.DynamicContent" name="validateTextfromSecondRow" time="10.749"/>
  <system-out/>
  <testcase classname="com.ui.test.testHeroku.DynamicContent" name="validateImagefromThirdRow" time="10.735"/>
  <system-out/>
  <testcase classname="com.ui.test.testHeroku.DynamicContent" name="validateTextfromThirdRow" time="10.708"/>
  <system-out/>
  <testcase classname="com.ui.test.testHeroku.DynamicContent" name="openApp">
    <skipped/>
  </testcase> <!-- openApp -->
  <system-out/>
</testsuite> <!-- com.ui.test.testHeroku.DynamicContent -->
