<?xml version="1.0" encoding="UTF-8"?>
<!-- Generated by org.testng.reporters.JUnitReportReporter -->
<testsuite hostname="Harishyam" failures="0" tests="6" name="com.ui.test.testHeroku.AddRemoveEle" time="68.896" errors="0" timestamp="2024-12-13T04:41:13 IST" skipped="0">
  <testcase classname="com.ui.test.testHeroku.AddRemoveEle" name="openApp" time="13.618"/>
  <system-out/>
  <testcase classname="com.ui.test.testHeroku.AddRemoveEle" name="openAddRemoveLink" time="11.466"/>
  <system-out/>
  <testcase classname="com.ui.test.testHeroku.AddRemoveEle" name="verifyAddElement" time="10.689"/>
  <system-out/>
  <testcase classname="com.ui.test.testHeroku.AddRemoveEle" name="verifyRemoveElement" time="10.539"/>
  <system-out/>
  <testcase classname="com.ui.test.testHeroku.AddRemoveEle" name="verifyMultipleAddElement" time="11.490"/>
  <system-out/>
  <testcase classname="com.ui.test.testHeroku.AddRemoveEle" name="verifyRemoveAllElements" time="11.094"/>
  <system-out/>
</testsuite> <!-- com.ui.test.testHeroku.AddRemoveEle -->
