<?xml version="1.0" encoding="UTF-8"?>
<!-- Generated by org.testng.reporters.JUnitReportReporter -->
<testsuite hostname="Harishyam" failures="0" tests="4" name="com.ui.test.testHeroku.DragNDrop" time="32.428" errors="0" timestamp="2024-12-18T04:51:12 IST" skipped="1">
  <testcase classname="com.ui.test.testHeroku.DragNDrop" name="openDragNDropPages" time="10.563"/>
  <system-out/>
  <testcase classname="com.ui.test.testHeroku.DragNDrop" name="dragBoxAtoBoxB" time="11.380"/>
  <system-out/>
  <testcase classname="com.ui.test.testHeroku.DragNDrop" name="dragBoxBtoBoxA" time="10.485"/>
  <system-out/>
  <testcase classname="com.ui.test.testHeroku.DragNDrop" name="openApp">
    <skipped/>
  </testcase> <!-- openApp -->
  <system-out/>
</testsuite> <!-- com.ui.test.testHeroku.DragNDrop -->
