<?xml version="1.0" encoding="UTF-8"?>
<!-- Generated by org.testng.reporters.JUnitReportReporter -->
<testsuite hostname="Harishyam" failures="0" tests="5" name="com.ui.test.testHeroku.ChallengingDOM" time="61.397" errors="0" timestamp="2024-12-14T03:54:41 IST" skipped="0">
  <testcase classname="com.ui.test.testHeroku.ChallengingDOM" name="openApp" time="13.858"/>
  <system-out/>
  <testcase classname="com.ui.test.testHeroku.ChallengingDOM" name="openChallengingDOmPage" time="11.488"/>
  <system-out/>
  <testcase classname="com.ui.test.testHeroku.ChallengingDOM" name="validateBlueButton" time="12.002"/>
  <system-out/>
  <testcase classname="com.ui.test.testHeroku.ChallengingDOM" name="validateRedButton" time="12.205"/>
  <system-out/>
  <testcase classname="com.ui.test.testHeroku.ChallengingDOM" name="validateGreenButton" time="11.844"/>
  <system-out/>
</testsuite> <!-- com.ui.test.testHeroku.ChallengingDOM -->
