<?xml version="1.0" encoding="UTF-8"?>
<!-- Generated by org.testng.reporters.JUnitReportReporter -->
<testsuite hostname="Harishyam" failures="0" tests="4" name="com.ui.test.testHeroku.DownloadFile" time="70.193" errors="0" timestamp="2024-12-16T03:45:18 IST" skipped="0">
  <testcase classname="com.ui.test.testHeroku.DownloadFile" name="openApp" time="15.646"/>
  <system-out/>
  <testcase classname="com.ui.test.testHeroku.DownloadFile" name="openExitIntentPage" time="11.650"/>
  <system-out/>
  <testcase classname="com.ui.test.testHeroku.DownloadFile" name="downloadFile" time="11.163"/>
  <system-out/>
  <testcase classname="com.ui.test.testHeroku.DownloadFile" name="downloadAllFile" time="31.734"/>
  <system-out/>
</testsuite> <!-- com.ui.test.testHeroku.DownloadFile -->
