<?xml version="1.0" encoding="UTF-8"?>
<!-- Generated by org.testng.reporters.JUnitReportReporter -->
<testsuite hostname="Harishyam" failures="0" tests="6" name="com.ui.test.testHeroku.DisappearingElements" time="54.800" errors="0" timestamp="2024-12-18T04:51:12 IST" skipped="1">
  <testcase classname="com.ui.test.testHeroku.DisappearingElements" name="openDisAppElementPage" time="10.555"/>
  <system-out/>
  <testcase classname="com.ui.test.testHeroku.DisappearingElements" name="getAllLinksOnthePage" time="10.161"/>
  <system-out/>
  <testcase classname="com.ui.test.testHeroku.DisappearingElements" name="clickGallery" time="11.407"/>
  <system-out/>
  <testcase classname="com.ui.test.testHeroku.DisappearingElements" name="clickGallery" time="11.499"/>
  <system-out/>
  <testcase classname="com.ui.test.testHeroku.DisappearingElements" name="clickGallery" time="11.178"/>
  <system-out/>
  <testcase classname="com.ui.test.testHeroku.DisappearingElements" name="openApp">
    <skipped/>
  </testcase> <!-- openApp -->
  <system-out/>
</testsuite> <!-- com.ui.test.testHeroku.DisappearingElements -->
